<?xml version="1.0" encoding="UTF-8"?>
<!-- Generated by org.testng.reporters.JUnitXMLReporter -->
<testsuite hostname="MacBook-Pro-di-Fabio.local" ignored="0" name="Default test" tests="2" failures="0" timestamp="08 ott 2019 17:16:37 GMT" time="29.552" errors="0">
  <testcase name="checkSearchEngine" time="10.652" classname="com.Spec888.TestCases.VerifySearch"/>
  <testcase name="checkVirtualKeyboardTool" time="18.872" classname="com.Spec888.TestCases.VerifySearch"/>
</testsuite> <!-- Default test -->
