<?xml version="1.0" encoding="UTF-8"?>
<!-- Generated by org.testng.reporters.JUnitXMLReporter -->
<testsuite hostname="MacBook-Pro-di-Fabio.local" ignored="0" name="Default test" tests="2" failures="0" timestamp="2019-10-04T17:26:36 CEST" time="24.921" errors="0">
  <testcase name="checkSearchEngine" time="9.812" classname="com.google.Testcases.VerifySearch"/>
  <testcase name="checkVirtualKeyboardTool" time="15.07" classname="com.google.Testcases.VerifySearch"/>
</testsuite> <!-- Default test -->
