<?xml version="1.0" encoding="UTF-8"?>
<testng-results skipped="0" failed="0" ignored="0" total="2" passed="2">
  <reporter-output>
  </reporter-output>
  <suite name="Default suite" duration-ms="25518" started-at="2019-10-08T13:12:23Z" finished-at="2019-10-08T13:12:48Z">
    <groups>
    </groups>
    <test name="Default test" duration-ms="25518" started-at="2019-10-08T13:12:23Z" finished-at="2019-10-08T13:12:48Z">
      <class name="com.google.Testcases.VerifySearch">
        <test-method status="PASS" signature="checkSearchEngine()[pri:0, instance:com.google.Testcases.VerifySearch@1e88b3c]" name="checkSearchEngine" duration-ms="10383" started-at="2019-10-08T15:12:23Z" finished-at="2019-10-08T15:12:33Z">
          <reporter-output>
          </reporter-output>
        </test-method> <!-- checkSearchEngine -->
        <test-method status="PASS" signature="checkVirtualKeyboardTool()[pri:0, instance:com.google.Testcases.VerifySearch@1e88b3c]" name="checkVirtualKeyboardTool" duration-ms="15108" started-at="2019-10-08T15:12:33Z" finished-at="2019-10-08T15:12:48Z">
          <reporter-output>
          </reporter-output>
        </test-method> <!-- checkVirtualKeyboardTool -->
      </class> <!-- com.google.Testcases.VerifySearch -->
    </test> <!-- Default test -->
  </suite> <!-- Default suite -->
</testng-results>
