<?xml version="1.0" encoding="UTF-8"?>
<testng-results skipped="0" failed="0" ignored="0" total="2" passed="2">
  <reporter-output>
  </reporter-output>
  <suite name="Default suite" duration-ms="29552" started-at="2019-10-08T17:16:02Z" finished-at="2019-10-08T17:16:32Z">
    <groups>
    </groups>
    <test name="Default test" duration-ms="29552" started-at="2019-10-08T17:16:02Z" finished-at="2019-10-08T17:16:32Z">
      <class name="com.Spec888.TestCases.VerifySearch">
        <test-method status="PASS" signature="checkSearchEngine()[pri:0, instance:com.Spec888.TestCases.VerifySearch@7cd62f43]" name="checkSearchEngine" duration-ms="10652" started-at="2019-10-08T17:16:02Z" finished-at="2019-10-08T17:16:13Z">
          <reporter-output>
          </reporter-output>
        </test-method> <!-- checkSearchEngine -->
        <test-method status="PASS" signature="checkVirtualKeyboardTool()[pri:0, instance:com.Spec888.TestCases.VerifySearch@7cd62f43]" name="checkVirtualKeyboardTool" duration-ms="18872" started-at="2019-10-08T17:16:13Z" finished-at="2019-10-08T17:16:32Z">
          <reporter-output>
          </reporter-output>
        </test-method> <!-- checkVirtualKeyboardTool -->
      </class> <!-- com.Spec888.TestCases.VerifySearch -->
    </test> <!-- Default test -->
  </suite> <!-- Default suite -->
</testng-results>
